<?xml version="1.0" encoding="UTF-8"?>
<!-- Generated by org.testng.reporters.JUnitReportReporter -->
<testsuite hostname="DESKTOP-VEG28H3" name="com.HRMS.Scripts.TC001" tests="1" failures="0" timestamp="10 Sep 2020 21:16:28 GMT" time="10.508" errors="0">
  <testcase name="tc001" time="10.508" classname="com.HRMS.Scripts.TC001"/>
</testsuite> <!-- com.HRMS.Scripts.TC001 -->
