<?xml version="1.0" encoding="UTF-8"?>
<!-- Generated by org.testng.reporters.JUnitReportReporter -->
<testsuite hostname="DESKTOP-VEG28H3" name="com.HRMS.Scripts.TC002" tests="1" failures="0" timestamp="10 Sep 2020 21:16:28 GMT" time="10.751" errors="0">
  <testcase name="tc002" time="10.751" classname="com.HRMS.Scripts.TC002"/>
</testsuite> <!-- com.HRMS.Scripts.TC002 -->
